2024-11-09 10:52:22,944 - INFO - No existing face data found. Starting fresh.
2024-11-09 10:52:22,944 - INFO - Attendance file 'attendance.csv' created.
2024-11-09 10:52:22,944 - INFO - LiveFaceRecognizer initialized.
2024-11-09 10:52:23,123 - INFO - LiveFaceRecognizer initialized successfully.
2024-11-09 10:52:24,454 - INFO - Recognized faces: []
2024-11-09 10:52:24,956 - INFO - Recognized faces: []
2024-11-09 10:52:25,768 - INFO - Recognized faces: ['Unknown']
2024-11-09 10:52:26,540 - INFO - Recognized faces: ['Unknown']
2024-11-09 10:52:27,357 - INFO - Recognized faces: ['Unknown']
2024-11-09 10:52:28,138 - INFO - Recognized faces: ['Unknown']
2024-11-09 10:52:28,581 - INFO - Recognized faces: []
2024-11-09 10:52:29,035 - INFO - Recognized faces: []
2024-11-09 10:52:29,438 - INFO - Recognized faces: []
2024-11-09 10:52:30,241 - INFO - Recognized faces: ['Unknown']
2024-11-09 10:52:30,660 - INFO - Recognized faces: []
2024-11-09 10:52:31,115 - INFO - Recognized faces: []
2024-11-09 10:52:31,559 - INFO - Recognized faces: []
2024-11-09 10:52:31,938 - INFO - Recognized faces: []
2024-11-09 10:52:32,336 - INFO - Recognized faces: []
2024-11-09 10:52:32,766 - INFO - Recognized faces: []
2024-11-09 10:52:33,158 - INFO - Recognized faces: []
2024-11-09 10:52:33,618 - INFO - Recognized faces: []
2024-11-09 10:52:34,019 - INFO - Recognized faces: []
2024-11-09 10:52:34,870 - INFO - Recognized faces: ['Unknown']
2024-11-09 10:52:35,699 - INFO - Recognized faces: ['Unknown']
2024-11-09 10:52:36,463 - INFO - Recognized faces: ['Unknown']
2024-11-09 10:52:36,894 - INFO - Recognized faces: []
2024-11-09 10:52:37,371 - INFO - Recognized faces: []
2024-11-09 10:52:37,893 - INFO - Recognized faces: []
2024-11-09 10:52:38,365 - INFO - Recognized faces: []
2024-11-09 10:52:38,845 - INFO - Recognized faces: []
2024-11-09 10:52:39,282 - INFO - Recognized faces: []
2024-11-09 10:52:39,726 - INFO - Recognized faces: []
2024-11-09 10:52:40,175 - INFO - Recognized faces: []
2024-11-09 10:52:40,625 - INFO - Recognized faces: []
2024-11-09 10:52:41,075 - INFO - Recognized faces: []
2024-11-09 10:52:41,529 - INFO - Recognized faces: []
2024-11-09 10:52:42,338 - INFO - Recognized faces: ['Unknown']
2024-11-09 10:52:42,776 - INFO - Recognized faces: []
2024-11-09 10:52:43,219 - INFO - Recognized faces: []
2024-11-09 10:52:43,646 - INFO - Recognized faces: []
2024-11-09 10:52:44,148 - INFO - Recognized faces: []
2024-11-09 10:52:44,580 - INFO - Recognized faces: []
2024-11-09 10:52:44,998 - INFO - Recognized faces: []
2024-11-09 10:52:45,432 - INFO - Recognized faces: []
2024-11-09 10:52:45,881 - INFO - Recognized faces: []
2024-11-09 10:52:46,353 - INFO - Recognized faces: []
2024-11-09 10:52:46,812 - INFO - Recognized faces: []
2024-11-09 10:52:47,259 - INFO - Recognized faces: []
2024-11-09 10:52:47,699 - INFO - Recognized faces: []
2024-11-09 10:52:48,187 - INFO - Recognized faces: []
2024-11-09 10:52:48,609 - INFO - Recognized faces: []
2024-11-09 10:52:49,053 - INFO - Recognized faces: []
2024-11-09 10:52:49,471 - INFO - Recognized faces: []
2024-11-09 10:52:49,962 - INFO - Recognized faces: []
2024-11-09 10:52:50,394 - INFO - Recognized faces: []
2024-11-09 10:52:50,838 - INFO - Recognized faces: []
2024-11-09 10:52:51,246 - INFO - Recognized faces: []
2024-11-09 10:52:51,703 - INFO - Recognized faces: []
2024-11-09 10:52:52,169 - INFO - Recognized faces: []
2024-11-09 10:52:52,681 - INFO - Recognized faces: []
2024-11-09 10:52:53,158 - INFO - Recognized faces: []
2024-11-09 10:52:53,606 - INFO - Recognized faces: []
2024-11-09 10:52:54,052 - INFO - Recognized faces: []
2024-11-09 10:52:54,580 - INFO - Recognized faces: []
2024-11-09 10:52:55,371 - INFO - Recognized faces: ['Unknown']
2024-11-09 10:52:56,205 - INFO - Recognized faces: ['Unknown']
2024-11-09 10:52:56,668 - INFO - Recognized faces: []
2024-11-09 10:52:57,540 - INFO - Recognized faces: ['Unknown']
2024-11-09 10:52:58,039 - INFO - Recognized faces: []
2024-11-09 10:52:58,898 - INFO - Recognized faces: ['Unknown']
2024-11-09 10:52:59,403 - INFO - Recognized faces: []
2024-11-09 10:52:59,850 - INFO - Recognized faces: []
2024-11-09 10:53:00,313 - INFO - Recognized faces: []
2024-11-09 10:53:00,760 - INFO - Recognized faces: []
2024-11-09 10:53:01,627 - INFO - Recognized faces: ['Unknown']
2024-11-09 10:53:02,464 - INFO - Recognized faces: ['Unknown']
2024-11-09 10:53:03,343 - INFO - Recognized faces: ['Unknown']
2024-11-09 10:53:03,799 - INFO - Recognized faces: []
2024-11-09 10:53:03,922 - INFO - No existing face data found. Starting fresh.
2024-11-09 10:53:03,922 - INFO - Attendance file 'attendance.csv' found.
2024-11-09 10:53:03,922 - INFO - LiveFaceRecognizer initialized.
2024-11-09 10:53:03,922 - INFO - LiveFaceRecognizer initialized successfully.
2024-11-09 10:53:03,935 - INFO - Displayed attendance records.
2024-11-09 10:53:04,749 - INFO - Recognized faces: ['Unknown']
2024-11-09 10:53:06,225 - INFO - No existing face data found. Starting fresh.
2024-11-09 10:53:06,226 - INFO - Attendance file 'attendance.csv' found.
2024-11-09 10:53:06,226 - INFO - LiveFaceRecognizer initialized.
2024-11-09 10:53:06,227 - INFO - LiveFaceRecognizer initialized successfully.
2024-11-09 10:53:06,229 - INFO - Displayed stored members.
2024-11-09 10:53:08,554 - INFO - No existing face data found. Starting fresh.
2024-11-09 10:53:08,554 - INFO - Attendance file 'attendance.csv' found.
2024-11-09 10:53:08,558 - INFO - LiveFaceRecognizer initialized.
2024-11-09 10:53:08,558 - INFO - LiveFaceRecognizer initialized successfully.
2024-11-09 10:53:09,998 - INFO - Recognized faces: ['Unknown']
2024-11-09 10:53:10,892 - INFO - Recognized faces: ['Unknown']
2024-11-09 10:53:11,722 - INFO - Recognized faces: ['Unknown']
2024-11-09 10:53:12,594 - INFO - Recognized faces: ['Unknown']
2024-11-09 10:53:13,420 - INFO - Recognized faces: ['Unknown']
2024-11-09 10:53:14,212 - INFO - Recognized faces: ['Unknown']
2024-11-09 10:53:15,086 - INFO - Recognized faces: ['Unknown']
2024-11-09 10:53:15,915 - INFO - Recognized faces: ['Unknown']
2024-11-09 10:53:16,741 - INFO - Recognized faces: ['Unknown']
2024-11-09 10:59:17,355 - INFO - No existing face data found. Starting fresh.
2024-11-09 10:59:17,355 - INFO - Attendance file 'attendance.csv' found.
2024-11-09 10:59:17,355 - INFO - LiveFaceRecognizer initialized.
2024-11-09 10:59:17,501 - INFO - LiveFaceRecognizer initialized successfully.
2024-11-09 10:59:18,756 - INFO - Recognized faces: []
2024-11-09 10:59:19,190 - INFO - Recognized faces: []
2024-11-09 10:59:19,619 - INFO - Recognized faces: []
2024-11-09 10:59:20,023 - INFO - Recognized faces: []
2024-11-09 10:59:20,456 - INFO - Recognized faces: []
2024-11-09 10:59:20,836 - INFO - Recognized faces: []
2024-11-09 10:59:21,678 - INFO - Recognized faces: ['Unknown']
2024-11-09 10:59:22,107 - INFO - Recognized faces: []
2024-11-09 10:59:22,941 - INFO - Recognized faces: ['Unknown']
2024-11-09 10:59:23,754 - INFO - Recognized faces: ['Unknown']
2024-11-09 10:59:24,553 - INFO - Recognized faces: ['Unknown']
2024-11-09 10:59:25,384 - INFO - Recognized faces: ['Unknown']
2024-11-09 10:59:26,231 - INFO - Recognized faces: ['Unknown']
2024-11-09 10:59:27,052 - INFO - Recognized faces: ['Unknown']
2024-11-09 10:59:27,869 - INFO - Recognized faces: ['Unknown']
2024-11-09 10:59:28,363 - INFO - Recognized faces: []
2024-11-09 10:59:29,168 - INFO - Recognized faces: ['Unknown']
2024-11-09 10:59:30,053 - INFO - Recognized faces: ['Unknown']
2024-11-09 10:59:30,822 - INFO - Recognized faces: ['Unknown']
2024-11-09 10:59:31,326 - INFO - Recognized faces: []
2024-11-09 10:59:31,797 - INFO - Recognized faces: []
2024-11-09 10:59:32,261 - INFO - Recognized faces: []
2024-11-09 10:59:32,733 - INFO - Recognized faces: []
2024-11-09 10:59:33,230 - INFO - Recognized faces: []
2024-11-09 10:59:33,700 - INFO - Recognized faces: []
2024-11-09 10:59:34,632 - INFO - Recognized faces: ['Unknown']
2024-11-09 10:59:35,534 - INFO - Recognized faces: ['Unknown']
2024-11-09 10:59:36,044 - INFO - Recognized faces: []
2024-11-09 10:59:36,498 - INFO - Recognized faces: []
2024-11-09 10:59:36,963 - INFO - Recognized faces: []
2024-11-09 10:59:37,451 - INFO - Recognized faces: []
2024-11-09 10:59:38,320 - INFO - Recognized faces: ['Unknown']
2024-11-09 10:59:39,160 - INFO - Recognized faces: ['Unknown']
2024-11-09 10:59:39,755 - INFO - Recognized faces: []
2024-11-09 10:59:40,280 - INFO - Recognized faces: []
2024-11-09 10:59:40,787 - INFO - Recognized faces: []
2024-11-09 10:59:41,756 - INFO - Recognized faces: ['Unknown']
2024-11-09 10:59:42,674 - INFO - Recognized faces: ['Unknown']
2024-11-09 10:59:43,177 - INFO - Recognized faces: []
2024-11-09 10:59:43,668 - INFO - Recognized faces: []
2024-11-09 10:59:44,175 - INFO - Recognized faces: []
2024-11-09 10:59:44,674 - INFO - Recognized faces: []
2024-11-09 10:59:45,104 - INFO - Recognized faces: []
2024-11-09 10:59:45,501 - INFO - Recognized faces: []
2024-11-09 10:59:45,891 - INFO - Recognized faces: []
2024-11-09 10:59:46,323 - INFO - Recognized faces: []
2024-11-09 10:59:46,720 - INFO - Recognized faces: []
2024-11-09 10:59:47,494 - INFO - Recognized faces: ['Unknown']
2024-11-09 10:59:48,276 - INFO - Recognized faces: ['Unknown']
2024-11-09 10:59:49,020 - INFO - Recognized faces: ['Unknown']
2024-11-09 10:59:49,802 - INFO - Recognized faces: ['Unknown']
2024-11-09 10:59:50,248 - INFO - Recognized faces: []
2024-11-09 10:59:51,030 - INFO - Recognized faces: ['Unknown']
2024-11-09 10:59:51,807 - INFO - Recognized faces: ['Unknown']
2024-11-09 10:59:52,232 - INFO - Recognized faces: []
2024-11-09 10:59:53,026 - INFO - Recognized faces: ['Unknown']
2024-11-09 10:59:53,446 - INFO - Recognized faces: []
2024-11-09 10:59:53,900 - INFO - Recognized faces: []
2024-11-09 10:59:54,332 - INFO - Recognized faces: []
2024-11-09 10:59:54,744 - INFO - Recognized faces: []
2024-11-09 10:59:55,184 - INFO - Recognized faces: []
2024-11-09 10:59:55,934 - INFO - Recognized faces: ['Unknown']
2024-11-09 10:59:56,388 - INFO - Recognized faces: []
2024-11-09 10:59:57,176 - INFO - Recognized faces: ['Unknown']
2024-11-09 10:59:57,976 - INFO - Recognized faces: ['Unknown']
2024-11-09 10:59:58,374 - INFO - Recognized faces: []
2024-11-09 10:59:58,809 - INFO - Recognized faces: []
2024-11-09 10:59:59,178 - INFO - Recognized faces: []
2024-11-09 10:59:59,565 - INFO - Recognized faces: []
2024-11-09 10:59:59,985 - INFO - Recognized faces: []
2024-11-09 11:00:00,716 - INFO - Recognized faces: ['Unknown']
2024-11-09 11:00:01,455 - INFO - Recognized faces: ['Unknown']
2024-11-09 11:00:02,214 - INFO - Recognized faces: ['Unknown']
2024-11-09 11:00:02,629 - INFO - Recognized faces: []
2024-11-09 11:00:03,416 - INFO - Recognized faces: ['Unknown']
2024-11-09 11:00:04,169 - INFO - Recognized faces: ['Unknown']
2024-11-09 11:00:04,569 - INFO - Recognized faces: []
2024-11-09 11:00:04,958 - INFO - Recognized faces: []
2024-11-09 11:00:05,331 - INFO - Recognized faces: []
2024-11-09 11:00:05,706 - INFO - Recognized faces: []
2024-11-09 11:00:06,152 - INFO - Recognized faces: []
2024-11-09 11:00:06,535 - INFO - Recognized faces: []
2024-11-09 11:00:06,939 - INFO - Recognized faces: []
2024-11-09 11:00:07,720 - INFO - Recognized faces: ['Unknown']
2024-11-09 11:00:08,577 - INFO - Recognized faces: ['Unknown']
2024-11-09 11:00:09,334 - INFO - Recognized faces: ['Unknown']
2024-11-09 11:00:10,099 - INFO - Recognized faces: ['Unknown']
2024-11-09 11:00:10,912 - INFO - Recognized faces: ['Unknown']
2024-11-09 11:00:11,673 - INFO - Recognized faces: ['Unknown']
2024-11-09 11:00:12,054 - INFO - Recognized faces: []
2024-11-09 11:00:12,805 - INFO - Recognized faces: ['Unknown']
2024-11-09 11:00:13,182 - INFO - Recognized faces: []
2024-11-09 11:00:13,927 - INFO - Recognized faces: ['Unknown']
2024-11-09 11:00:14,288 - INFO - Recognized faces: []
2024-11-09 11:00:15,041 - INFO - Recognized faces: ['Unknown']
2024-11-09 11:00:15,850 - INFO - Recognized faces: ['Unknown']
2024-11-09 11:00:16,240 - INFO - Recognized faces: []
2024-11-09 11:00:16,681 - INFO - Recognized faces: []
2024-11-09 11:00:17,081 - INFO - Recognized faces: []
2024-11-09 11:00:17,888 - INFO - Recognized faces: ['Unknown']
2024-11-09 11:00:18,650 - INFO - Recognized faces: ['Unknown']
2024-11-09 11:00:19,398 - INFO - Recognized faces: ['Unknown']
2024-11-09 11:00:20,159 - INFO - Recognized faces: ['Unknown']
2024-11-09 11:00:20,918 - INFO - Recognized faces: ['Unknown']
2024-11-09 11:00:21,701 - INFO - Recognized faces: ['Unknown']
2024-11-09 11:00:22,519 - INFO - Recognized faces: ['Unknown']
2024-11-09 11:00:22,869 - INFO - Recognized faces: []
2024-11-09 11:00:23,278 - INFO - Recognized faces: []
2024-11-09 11:00:23,699 - INFO - Recognized faces: []
2024-11-09 11:00:24,122 - INFO - Recognized faces: []
2024-11-09 11:00:24,546 - INFO - Recognized faces: []
2024-11-09 11:00:24,965 - INFO - Recognized faces: []
2024-11-09 11:00:25,376 - INFO - Recognized faces: []
2024-11-09 11:00:25,780 - INFO - Recognized faces: []
2024-11-09 11:00:26,180 - INFO - Recognized faces: []
2024-11-09 11:00:26,602 - INFO - Recognized faces: []
2024-11-09 11:00:26,978 - INFO - Recognized faces: []
2024-11-09 11:00:27,433 - INFO - Recognized faces: []
2024-11-09 11:00:27,811 - INFO - Recognized faces: []
2024-11-09 11:00:28,232 - INFO - Recognized faces: []
2024-11-09 11:00:28,638 - INFO - Recognized faces: []
2024-11-09 11:00:29,091 - INFO - Recognized faces: []
2024-11-09 11:00:29,456 - INFO - Recognized faces: []
2024-11-09 11:00:30,245 - INFO - Recognized faces: ['Unknown']
2024-11-09 11:00:30,664 - INFO - Recognized faces: []
2024-11-09 11:00:31,116 - INFO - Recognized faces: []
2024-11-09 11:00:31,524 - INFO - Recognized faces: []
2024-11-09 11:00:31,963 - INFO - Recognized faces: []
2024-11-09 11:00:32,366 - INFO - Recognized faces: []
2024-11-09 11:00:32,791 - INFO - Recognized faces: []
2024-11-09 11:00:33,193 - INFO - Recognized faces: []
2024-11-09 11:00:33,667 - INFO - Recognized faces: []
2024-11-09 11:00:34,104 - INFO - Recognized faces: []
2024-11-09 11:00:34,494 - INFO - Recognized faces: []
2024-11-09 11:00:34,943 - INFO - Recognized faces: []
2024-11-09 11:00:35,357 - INFO - Recognized faces: []
2024-11-09 11:00:35,783 - INFO - Recognized faces: []
2024-11-09 11:00:36,547 - INFO - Recognized faces: ['Unknown']
2024-11-09 11:00:37,296 - INFO - Recognized faces: ['Unknown']
2024-11-09 11:00:38,045 - INFO - Recognized faces: ['Unknown']
2024-11-09 11:00:38,436 - INFO - Recognized faces: []
2024-11-09 11:00:38,844 - INFO - Recognized faces: []
2024-11-09 11:00:39,266 - INFO - Recognized faces: []
2024-11-09 11:00:39,650 - INFO - Recognized faces: []
2024-11-09 11:00:40,045 - INFO - Recognized faces: []
2024-11-09 11:00:40,447 - INFO - Recognized faces: []
2024-11-09 11:00:40,835 - INFO - Recognized faces: []
2024-11-09 11:00:41,607 - INFO - Recognized faces: ['Unknown']
2024-11-09 11:00:42,009 - INFO - Recognized faces: []
2024-11-09 11:00:42,449 - INFO - Recognized faces: []
2024-11-09 11:00:42,849 - INFO - Recognized faces: []
2024-11-09 11:00:43,288 - INFO - Recognized faces: []
2024-11-09 11:00:43,698 - INFO - Recognized faces: []
2024-11-09 11:00:44,112 - INFO - Recognized faces: []
2024-11-09 11:00:44,495 - INFO - Recognized faces: []
2024-11-09 11:00:44,909 - INFO - Recognized faces: []
2024-11-09 11:00:45,329 - INFO - Recognized faces: []
2024-11-09 11:00:45,771 - INFO - Recognized faces: []
2024-11-09 11:00:46,212 - INFO - Recognized faces: []
2024-11-09 11:00:46,622 - INFO - Recognized faces: []
2024-11-09 11:00:47,072 - INFO - Recognized faces: []
2024-11-09 11:00:47,458 - INFO - Recognized faces: []
2024-11-09 11:00:47,920 - INFO - Recognized faces: []
2024-11-09 11:00:48,369 - INFO - Recognized faces: []
2024-11-09 11:00:49,109 - INFO - Recognized faces: ['Unknown']
2024-11-09 11:00:49,487 - INFO - Recognized faces: []
2024-11-09 11:00:49,883 - INFO - Recognized faces: []
2024-11-09 11:00:50,275 - INFO - Recognized faces: []
2024-11-09 11:00:50,676 - INFO - Recognized faces: []
2024-11-09 11:00:51,077 - INFO - Recognized faces: []
2024-11-09 11:00:51,483 - INFO - Recognized faces: []
2024-11-09 11:00:51,880 - INFO - Recognized faces: []
2024-11-09 11:00:52,290 - INFO - Recognized faces: []
2024-11-09 11:00:52,724 - INFO - Recognized faces: []
2024-11-09 11:00:53,133 - INFO - Recognized faces: []
2024-11-09 11:00:53,556 - INFO - Recognized faces: []
2024-11-09 11:00:54,033 - INFO - Recognized faces: []
2024-11-09 11:00:54,443 - INFO - Recognized faces: []
2024-11-09 11:00:54,850 - INFO - Recognized faces: []
2024-11-09 11:00:55,598 - INFO - Recognized faces: ['Unknown']
2024-11-09 11:00:56,390 - INFO - Recognized faces: ['Unknown']
2024-11-09 11:00:56,798 - INFO - Recognized faces: []
2024-11-09 11:00:57,191 - INFO - Recognized faces: []
2024-11-09 11:00:57,616 - INFO - Recognized faces: []
2024-11-09 11:00:58,039 - INFO - Recognized faces: []
2024-11-09 11:00:58,448 - INFO - Recognized faces: []
2024-11-09 11:00:58,896 - INFO - Recognized faces: []
2024-11-09 11:00:59,301 - INFO - Recognized faces: []
2024-11-09 11:00:59,714 - INFO - Recognized faces: []
2024-11-09 11:01:00,144 - INFO - Recognized faces: []
2024-11-09 11:01:00,577 - INFO - Recognized faces: []
2024-11-09 11:01:00,978 - INFO - Recognized faces: []
2024-11-09 11:01:01,420 - INFO - Recognized faces: []
2024-11-09 11:01:01,811 - INFO - Recognized faces: []
2024-11-09 11:01:02,257 - INFO - Recognized faces: []
2024-11-09 11:01:02,705 - INFO - Recognized faces: []
2024-11-09 11:01:03,171 - INFO - Recognized faces: []
2024-11-09 11:01:03,543 - INFO - Recognized faces: []
2024-11-09 11:01:03,988 - INFO - Recognized faces: []
2024-11-09 11:01:04,388 - INFO - Recognized faces: []
2024-11-09 11:01:04,825 - INFO - Recognized faces: []
2024-11-09 11:01:05,219 - INFO - Recognized faces: []
2024-11-09 11:01:05,702 - INFO - Recognized faces: []
2024-11-09 11:01:06,148 - INFO - Recognized faces: []
2024-11-09 11:01:06,900 - INFO - Recognized faces: ['Unknown']
2024-11-09 11:01:07,335 - INFO - Recognized faces: []
2024-11-09 11:01:07,745 - INFO - Recognized faces: []
2024-11-09 11:01:08,117 - INFO - Recognized faces: []
2024-11-09 11:01:08,921 - INFO - Recognized faces: ['Unknown']
2024-11-09 11:01:09,730 - INFO - Recognized faces: ['Unknown']
2024-11-09 11:01:10,154 - INFO - Recognized faces: []
2024-11-09 11:01:10,609 - INFO - Recognized faces: []
2024-11-09 11:01:11,013 - INFO - Recognized faces: []
2024-11-09 11:01:11,448 - INFO - Recognized faces: []
2024-11-09 11:01:11,822 - INFO - Recognized faces: []
2024-11-09 11:01:12,254 - INFO - Recognized faces: []
2024-11-09 11:01:12,649 - INFO - Recognized faces: []
2024-11-09 11:01:13,071 - INFO - Recognized faces: []
2024-11-09 11:01:13,477 - INFO - Recognized faces: []
2024-11-09 11:01:13,883 - INFO - Recognized faces: []
2024-11-09 11:01:14,294 - INFO - Recognized faces: []
2024-11-09 11:01:14,724 - INFO - Recognized faces: []
2024-11-09 11:01:15,183 - INFO - Recognized faces: []
2024-11-09 11:01:15,625 - INFO - Recognized faces: []
2024-11-09 11:01:16,411 - INFO - Recognized faces: ['Unknown']
2024-11-09 11:01:16,819 - INFO - Recognized faces: []
2024-11-09 11:01:17,555 - INFO - Recognized faces: ['Unknown']
2024-11-09 11:01:17,946 - INFO - Recognized faces: []
2024-11-09 11:01:18,409 - INFO - Recognized faces: []
2024-11-09 11:01:18,805 - INFO - Recognized faces: []
2024-11-09 11:01:19,157 - INFO - Recognized faces: []
2024-11-09 11:01:19,593 - INFO - Recognized faces: []
2024-11-09 11:01:19,991 - INFO - Recognized faces: []
2024-11-09 11:01:20,488 - INFO - Recognized faces: []
2024-11-09 11:01:20,887 - INFO - Recognized faces: []
2024-11-09 11:01:21,318 - INFO - Recognized faces: []
2024-11-09 11:01:21,777 - INFO - Recognized faces: []
2024-11-09 11:01:22,234 - INFO - Recognized faces: []
2024-11-09 11:01:22,694 - INFO - Recognized faces: []
2024-11-09 11:01:23,141 - INFO - Recognized faces: []
2024-11-09 11:01:23,880 - INFO - Recognized faces: ['Unknown']
2024-11-09 11:01:24,290 - INFO - Recognized faces: []
2024-11-09 11:01:24,715 - INFO - Recognized faces: []
2024-11-09 11:01:25,102 - INFO - Recognized faces: []
2024-11-09 11:01:25,563 - INFO - Recognized faces: []
2024-11-09 11:01:25,967 - INFO - Recognized faces: []
2024-11-09 11:01:26,420 - INFO - Recognized faces: []
2024-11-09 11:01:26,825 - INFO - Recognized faces: []
2024-11-09 11:01:27,247 - INFO - Recognized faces: []
2024-11-09 11:01:28,046 - INFO - Recognized faces: ['Unknown']
2024-11-09 11:01:28,496 - INFO - Recognized faces: []
2024-11-09 11:01:28,923 - INFO - Recognized faces: []
2024-11-09 11:01:29,693 - INFO - Recognized faces: ['Unknown']
2024-11-09 11:01:30,075 - INFO - Recognized faces: []
2024-11-09 11:01:30,518 - INFO - Recognized faces: []
2024-11-09 11:01:30,906 - INFO - Recognized faces: []
2024-11-09 11:01:31,314 - INFO - Recognized faces: []
2024-11-09 11:01:32,060 - INFO - Recognized faces: ['Unknown']
2024-11-09 11:01:32,502 - INFO - Recognized faces: []
2024-11-09 11:01:33,261 - INFO - Recognized faces: ['Unknown']
2024-11-09 11:01:33,641 - INFO - Recognized faces: []
2024-11-09 11:01:34,025 - INFO - Recognized faces: []
2024-11-09 11:01:34,494 - INFO - Recognized faces: []
2024-11-09 11:01:34,874 - INFO - Recognized faces: []
2024-11-09 11:01:35,299 - INFO - Recognized faces: []
2024-11-09 11:01:35,700 - INFO - Recognized faces: []
2024-11-09 11:01:36,151 - INFO - Recognized faces: []
2024-11-09 11:01:36,534 - INFO - Recognized faces: []
2024-11-09 11:01:36,935 - INFO - Recognized faces: []
2024-11-09 11:01:37,376 - INFO - Recognized faces: []
2024-11-09 11:01:37,881 - INFO - Recognized faces: []
2024-11-09 11:01:38,337 - INFO - Recognized faces: []
2024-11-09 11:01:38,849 - INFO - Recognized faces: []
2024-11-09 11:01:39,266 - INFO - Recognized faces: []
2024-11-09 11:01:39,664 - INFO - Recognized faces: []
2024-11-09 11:01:40,142 - INFO - Recognized faces: []
2024-11-09 11:01:40,538 - INFO - Recognized faces: []
2024-11-09 11:01:40,949 - INFO - Recognized faces: []
2024-11-09 11:01:41,349 - INFO - Recognized faces: []
2024-11-09 11:01:41,741 - INFO - Recognized faces: []
2024-11-09 11:01:42,200 - INFO - Recognized faces: []
2024-11-09 11:01:42,648 - INFO - Recognized faces: []
2024-11-09 11:01:43,106 - INFO - Recognized faces: []
2024-11-09 11:01:43,523 - INFO - Recognized faces: []
2024-11-09 11:01:43,925 - INFO - Recognized faces: []
2024-11-09 11:01:44,287 - INFO - Recognized faces: []
2024-11-09 11:01:44,712 - INFO - Recognized faces: []
2024-11-09 11:01:45,123 - INFO - Recognized faces: []
2024-11-09 11:01:45,489 - INFO - Recognized faces: []
2024-11-09 11:01:45,899 - INFO - Recognized faces: []
2024-11-09 11:01:46,274 - INFO - Recognized faces: []
2024-11-09 11:01:46,711 - INFO - Recognized faces: []
2024-11-09 11:01:47,117 - INFO - Recognized faces: []
2024-11-09 11:01:47,557 - INFO - Recognized faces: []
2024-11-09 11:01:48,350 - INFO - Recognized faces: ['Unknown']
2024-11-09 11:01:48,783 - INFO - Recognized faces: []
2024-11-09 11:01:49,206 - INFO - Recognized faces: []
2024-11-09 11:01:49,580 - INFO - Recognized faces: []
2024-11-09 11:01:50,420 - INFO - Recognized faces: ['Unknown']
2024-11-09 11:01:50,842 - INFO - Recognized faces: []
2024-11-09 11:01:51,293 - INFO - Recognized faces: []
2024-11-09 11:01:52,055 - INFO - Recognized faces: ['Unknown']
2024-11-09 11:01:52,831 - INFO - Recognized faces: ['Unknown']
2024-11-09 11:01:53,258 - INFO - Recognized faces: []
2024-11-09 11:01:54,047 - INFO - Recognized faces: ['Unknown']
2024-11-09 11:01:54,812 - INFO - Recognized faces: ['Unknown']
2024-11-09 11:01:55,218 - INFO - Recognized faces: []
2024-11-09 11:01:55,657 - INFO - Recognized faces: []
2024-11-09 11:01:56,071 - INFO - Recognized faces: []
2024-11-09 11:01:56,816 - INFO - Recognized faces: ['Unknown']
2024-11-09 11:01:57,204 - INFO - Recognized faces: []
2024-11-09 11:01:57,989 - INFO - Recognized faces: ['Unknown']
2024-11-09 11:01:58,761 - INFO - Recognized faces: ['Unknown']
2024-11-09 11:01:59,524 - INFO - Recognized faces: ['Unknown']
2024-11-09 11:02:00,292 - INFO - Recognized faces: ['Unknown']
2024-11-09 11:02:01,094 - INFO - Recognized faces: ['Unknown']
2024-11-09 11:02:01,841 - INFO - Recognized faces: ['Unknown']
2024-11-09 11:02:02,620 - INFO - Recognized faces: ['Unknown']
2024-11-09 11:02:03,369 - INFO - Recognized faces: ['Unknown']
2024-11-09 11:02:04,134 - INFO - Recognized faces: ['Unknown']
2024-11-09 11:02:04,909 - INFO - Recognized faces: ['Unknown']
2024-11-09 11:02:05,669 - INFO - Recognized faces: ['Unknown']
2024-11-09 11:02:06,453 - INFO - Recognized faces: ['Unknown']
2024-11-09 11:02:07,223 - INFO - Recognized faces: ['Unknown']
2024-11-09 11:02:07,980 - INFO - Recognized faces: ['Unknown']
2024-11-09 11:02:08,727 - INFO - Recognized faces: ['Unknown']
2024-11-09 11:02:09,134 - INFO - Recognized faces: []
2024-11-09 11:02:09,879 - INFO - Recognized faces: ['Unknown']
2024-11-09 11:02:10,337 - INFO - Recognized faces: []
2024-11-09 11:02:10,725 - INFO - Recognized faces: []
2024-11-09 11:02:11,122 - INFO - Recognized faces: []
2024-11-09 11:02:11,519 - INFO - Recognized faces: []
2024-11-09 11:02:11,929 - INFO - Recognized faces: []
2024-11-09 11:02:12,390 - INFO - Recognized faces: []
2024-11-09 11:02:12,796 - INFO - Recognized faces: []
2024-11-09 11:02:13,182 - INFO - Recognized faces: []
2024-11-09 11:02:13,980 - INFO - Recognized faces: ['Unknown']
2024-11-09 11:02:14,749 - INFO - Recognized faces: ['Unknown']
2024-11-09 11:02:15,503 - INFO - Recognized faces: ['Unknown']
2024-11-09 11:02:15,929 - INFO - Recognized faces: []
2024-11-09 11:02:16,683 - INFO - Recognized faces: ['Unknown']
2024-11-09 11:02:17,425 - INFO - Recognized faces: ['Unknown']
2024-11-09 11:02:17,827 - INFO - Recognized faces: []
2024-11-09 11:02:18,632 - INFO - Recognized faces: ['Unknown']
2024-11-09 11:02:19,059 - INFO - Recognized faces: []
2024-11-09 11:02:19,791 - INFO - Recognized faces: ['Unknown']
2024-11-09 11:02:20,201 - INFO - Recognized faces: []
2024-11-09 11:02:20,571 - INFO - Recognized faces: []
2024-11-09 11:02:20,984 - INFO - Recognized faces: []
2024-11-09 11:02:21,390 - INFO - Recognized faces: []
2024-11-09 11:02:21,843 - INFO - Recognized faces: []
2024-11-09 11:02:22,240 - INFO - Recognized faces: []
2024-11-09 11:02:22,978 - INFO - Recognized faces: ['Unknown']
2024-11-09 11:02:23,727 - INFO - Recognized faces: ['Unknown']
2024-11-09 11:02:24,480 - INFO - Recognized faces: ['Unknown']
2024-11-09 11:02:25,252 - INFO - Recognized faces: ['Unknown']
2024-11-09 11:02:26,020 - INFO - Recognized faces: ['Unknown']
2024-11-09 11:02:26,820 - INFO - Recognized faces: ['Unknown']
2024-11-09 11:02:27,568 - INFO - Recognized faces: ['Unknown']
2024-11-09 11:02:28,344 - INFO - Recognized faces: ['Unknown']
2024-11-09 11:02:29,090 - INFO - Recognized faces: ['Unknown']
2024-11-09 11:02:29,856 - INFO - Recognized faces: ['Unknown']
2024-11-09 11:02:30,641 - INFO - Recognized faces: ['Unknown']
2024-11-09 11:02:31,381 - INFO - Recognized faces: ['Unknown']
2024-11-09 11:02:31,827 - INFO - Recognized faces: []
2024-11-09 11:02:32,540 - INFO - Recognized faces: ['Unknown']
2024-11-09 11:02:33,305 - INFO - Recognized faces: ['Unknown']
2024-11-09 11:02:34,026 - INFO - Recognized faces: ['Unknown']
2024-11-09 11:02:34,422 - INFO - Recognized faces: []
2024-11-09 11:02:34,903 - INFO - Recognized faces: []
2024-11-09 11:02:35,351 - INFO - Recognized faces: []
2024-11-09 11:02:35,745 - INFO - Recognized faces: []
2024-11-09 11:02:36,187 - INFO - Recognized faces: []
2024-11-09 11:02:36,597 - INFO - Recognized faces: []
2024-11-09 11:02:37,063 - INFO - Recognized faces: []
2024-11-09 11:02:37,832 - INFO - Recognized faces: ['Unknown']
2024-11-09 11:02:38,286 - INFO - Recognized faces: []
2024-11-09 11:02:38,761 - INFO - Recognized faces: []
2024-11-09 11:02:39,554 - INFO - Recognized faces: ['Unknown']
2024-11-09 11:02:39,962 - INFO - Recognized faces: []
2024-11-09 11:02:40,364 - INFO - Recognized faces: []
2024-11-09 11:02:40,811 - INFO - Recognized faces: []
2024-11-09 11:02:41,261 - INFO - Recognized faces: []
2024-11-09 11:02:42,117 - INFO - Recognized faces: ['Unknown']
2024-11-09 11:02:43,078 - INFO - Recognized faces: ['Unknown']
2024-11-09 11:02:43,914 - INFO - Recognized faces: ['Unknown']
2024-11-09 11:02:44,741 - INFO - Recognized faces: ['Unknown']
2024-11-09 11:02:45,508 - INFO - Recognized faces: ['Unknown']
2024-11-09 11:02:46,337 - INFO - Recognized faces: ['Unknown']
2024-11-09 11:02:47,149 - INFO - Recognized faces: ['Unknown']
2024-11-09 11:02:47,618 - INFO - Recognized faces: []
2024-11-09 11:02:47,998 - INFO - Recognized faces: []
2024-11-09 11:02:48,487 - INFO - Recognized faces: []
2024-11-09 11:02:49,007 - INFO - Recognized faces: []
2024-11-09 11:02:49,502 - INFO - Recognized faces: []
2024-11-09 11:02:50,033 - INFO - Recognized faces: []
2024-11-09 11:02:50,541 - INFO - Recognized faces: []
2024-11-09 11:02:51,065 - INFO - Recognized faces: []
2024-11-09 11:02:51,928 - INFO - Recognized faces: ['Unknown']
2024-11-09 11:02:52,814 - INFO - Recognized faces: ['Unknown']
2024-11-09 11:02:53,683 - INFO - Recognized faces: ['Unknown']
2024-11-09 11:02:54,513 - INFO - Recognized faces: ['Unknown']
2024-11-09 11:02:55,373 - INFO - Recognized faces: ['Unknown']
2024-11-09 11:02:56,274 - INFO - Recognized faces: ['Unknown']
2024-11-09 11:02:57,169 - INFO - Recognized faces: ['Unknown']
2024-11-09 11:02:58,077 - INFO - Recognized faces: ['Unknown']
2024-11-09 11:02:58,965 - INFO - Recognized faces: ['Unknown']
2024-11-09 11:02:59,846 - INFO - Recognized faces: ['Unknown']
2024-11-09 11:03:00,694 - INFO - Recognized faces: ['Unknown']
2024-11-09 11:03:01,511 - INFO - Recognized faces: ['Unknown']
2024-11-09 11:03:02,589 - INFO - Recognized faces: ['Unknown']
2024-11-09 11:03:03,523 - INFO - Recognized faces: ['Unknown']
2024-11-09 11:03:04,564 - INFO - Recognized faces: ['Unknown']
2024-11-09 11:03:05,487 - INFO - Recognized faces: ['Unknown']
2024-11-09 11:03:06,406 - INFO - Recognized faces: ['Unknown']
2024-11-09 11:03:07,330 - INFO - Recognized faces: ['Unknown']
2024-11-09 11:03:08,210 - INFO - Recognized faces: ['Unknown']
2024-11-09 11:03:09,131 - INFO - Recognized faces: ['Unknown']
2024-11-09 11:03:10,029 - INFO - Recognized faces: ['Unknown']
2024-11-09 11:03:10,953 - INFO - Recognized faces: ['Unknown']
2024-11-09 11:03:11,869 - INFO - Recognized faces: ['Unknown']
2024-11-09 11:03:12,755 - INFO - Recognized faces: ['Unknown']
2024-11-09 11:03:13,625 - INFO - Recognized faces: ['Unknown']
2024-11-09 11:03:14,447 - INFO - Recognized faces: ['Unknown']
2024-11-09 11:03:15,287 - INFO - Recognized faces: ['Unknown']
2024-11-09 11:03:16,173 - INFO - Recognized faces: ['Unknown']
2024-11-09 11:03:17,001 - INFO - Recognized faces: ['Unknown']
2024-11-09 11:03:17,909 - INFO - Recognized faces: ['Unknown']
2024-11-09 11:03:18,803 - INFO - Recognized faces: ['Unknown']
2024-11-09 11:03:19,727 - INFO - Recognized faces: ['Unknown']
2024-11-09 11:03:20,772 - INFO - Recognized faces: ['Unknown']
2024-11-09 11:03:21,706 - INFO - Recognized faces: ['Unknown']
2024-11-09 11:03:22,725 - INFO - Recognized faces: ['Unknown']
2024-11-09 11:03:23,655 - INFO - Recognized faces: ['Unknown']
2024-11-09 11:03:24,799 - INFO - Recognized faces: ['Unknown']
2024-11-09 11:03:25,808 - INFO - Recognized faces: ['Unknown']
2024-11-09 11:03:26,848 - INFO - Recognized faces: ['Unknown']
2024-11-09 11:03:27,794 - INFO - Recognized faces: ['Unknown']
2024-11-09 11:03:28,935 - INFO - Recognized faces: ['Unknown']
2024-11-09 11:03:29,847 - INFO - Recognized faces: ['Unknown']
2024-11-09 11:03:30,737 - INFO - Recognized faces: ['Unknown']
2024-11-09 11:03:31,589 - INFO - Recognized faces: ['Unknown']
2024-11-09 11:03:32,414 - INFO - Recognized faces: ['Unknown']
2024-11-09 11:03:33,378 - INFO - Recognized faces: ['Unknown']
2024-11-09 11:03:34,239 - INFO - Recognized faces: ['Unknown']
2024-11-09 11:03:35,200 - INFO - Recognized faces: ['Unknown']
2024-11-09 11:03:36,098 - INFO - Recognized faces: ['Unknown']
2024-11-09 11:03:37,061 - INFO - Recognized faces: ['Unknown']
2024-11-09 11:03:37,897 - INFO - Recognized faces: ['Unknown']
2024-11-09 11:03:38,816 - INFO - Recognized faces: ['Unknown']
2024-11-09 11:03:39,639 - INFO - Recognized faces: ['Unknown']
2024-11-09 11:03:40,466 - INFO - Recognized faces: ['Unknown']
2024-11-09 11:03:41,308 - INFO - Recognized faces: ['Unknown']
2024-11-09 11:03:42,243 - INFO - Recognized faces: ['Unknown']
2024-11-09 11:03:43,070 - INFO - Recognized faces: ['Unknown']
2024-11-09 11:03:43,965 - INFO - Recognized faces: ['Unknown']
2024-11-09 11:03:44,795 - INFO - Recognized faces: ['Unknown']
2024-11-09 11:03:45,698 - INFO - Recognized faces: ['Unknown']
2024-11-09 11:03:46,532 - INFO - Recognized faces: ['Unknown']
2024-11-09 11:03:47,414 - INFO - Recognized faces: ['Unknown']
2024-11-09 11:03:48,288 - INFO - Recognized faces: ['Unknown']
2024-11-09 11:03:49,163 - INFO - Recognized faces: ['Unknown']
2024-11-09 11:03:50,055 - INFO - Recognized faces: ['Unknown']
2024-11-09 11:03:50,585 - INFO - Recognized faces: []
2024-11-09 11:03:50,976 - INFO - Recognized faces: []
2024-11-09 11:03:51,428 - INFO - Recognized faces: []
2024-11-09 11:03:51,910 - INFO - Recognized faces: []
2024-11-09 11:03:52,401 - INFO - Recognized faces: []
2024-11-09 11:03:52,877 - INFO - Recognized faces: []
2024-11-09 11:03:53,276 - INFO - Recognized faces: []
2024-11-09 11:03:53,714 - INFO - Recognized faces: []
2024-11-09 11:03:54,175 - INFO - Recognized faces: []
2024-11-09 11:03:54,594 - INFO - Recognized faces: []
2024-11-09 11:03:55,073 - INFO - Recognized faces: []
2024-11-09 11:03:55,563 - INFO - Recognized faces: []
2024-11-09 11:03:56,112 - INFO - Recognized faces: []
2024-11-09 11:03:56,611 - INFO - Recognized faces: []
2024-11-09 11:03:57,074 - INFO - Recognized faces: []
2024-11-09 11:03:57,494 - INFO - Recognized faces: []
2024-11-09 11:03:57,957 - INFO - Recognized faces: []
2024-11-09 11:03:58,809 - INFO - Recognized faces: ['Unknown']
2024-11-09 11:03:59,326 - INFO - Recognized faces: []
2024-11-09 11:03:59,834 - INFO - Recognized faces: []
2024-11-09 11:04:00,312 - INFO - Recognized faces: []
2024-11-09 11:04:01,196 - INFO - Recognized faces: ['Unknown']
2024-11-09 11:04:01,702 - INFO - Recognized faces: []
2024-11-09 11:04:02,197 - INFO - Recognized faces: []
2024-11-09 11:04:02,736 - INFO - Recognized faces: []
2024-11-09 11:04:03,230 - INFO - Recognized faces: []
2024-11-09 11:04:03,649 - INFO - Recognized faces: []
2024-11-09 11:04:04,192 - INFO - Recognized faces: []
2024-11-09 11:04:04,690 - INFO - Recognized faces: []
2024-11-09 11:04:05,151 - INFO - Recognized faces: []
2024-11-09 11:04:05,660 - INFO - Recognized faces: []
2024-11-09 11:04:06,156 - INFO - Recognized faces: []
2024-11-09 11:04:06,621 - INFO - Recognized faces: []
2024-11-09 11:04:07,076 - INFO - Recognized faces: []
2024-11-09 11:04:07,589 - INFO - Recognized faces: []
2024-11-09 11:04:08,091 - INFO - Recognized faces: []
2024-11-09 11:04:08,618 - INFO - Recognized faces: []
2024-11-09 11:04:09,082 - INFO - Recognized faces: []
2024-11-09 11:04:09,537 - INFO - Recognized faces: []
2024-11-09 11:04:09,982 - INFO - Recognized faces: []
2024-11-09 11:04:10,449 - INFO - Recognized faces: []
2024-11-09 11:04:10,865 - INFO - Recognized faces: []
2024-11-09 11:04:11,714 - INFO - Recognized faces: ['Unknown']
2024-11-09 11:04:12,142 - INFO - Recognized faces: []
2024-11-09 11:04:12,544 - INFO - Recognized faces: []
2024-11-09 11:04:12,990 - INFO - Recognized faces: []
2024-11-09 11:04:13,482 - INFO - Recognized faces: []
2024-11-09 11:04:13,943 - INFO - Recognized faces: []
2024-11-09 11:04:14,448 - INFO - Recognized faces: []
2024-11-09 11:04:14,900 - INFO - Recognized faces: []
2024-11-09 11:04:15,346 - INFO - Recognized faces: []
2024-11-09 11:04:15,865 - INFO - Recognized faces: []
2024-11-09 11:04:16,382 - INFO - Recognized faces: []
2024-11-09 11:04:16,866 - INFO - Recognized faces: []
2024-11-09 11:04:17,304 - INFO - Recognized faces: []
2024-11-09 11:04:18,180 - INFO - Recognized faces: ['Unknown']
2024-11-09 11:04:19,015 - INFO - Recognized faces: ['Unknown']
2024-11-09 11:04:19,795 - INFO - Recognized faces: ['Unknown']
2024-11-09 11:04:20,596 - INFO - Recognized faces: ['Unknown']
2024-11-09 11:04:21,514 - INFO - Recognized faces: ['Unknown']
2024-11-09 11:04:22,292 - INFO - Recognized faces: ['Unknown']
2024-11-09 11:04:23,164 - INFO - Recognized faces: ['Unknown']
2024-11-09 11:04:24,060 - INFO - Recognized faces: ['Unknown']
2024-11-09 11:04:24,926 - INFO - Recognized faces: ['Unknown']
2024-11-09 11:04:25,738 - INFO - Recognized faces: ['Unknown']
2024-11-09 11:04:26,655 - INFO - Recognized faces: ['Unknown']
2024-11-09 11:04:27,524 - INFO - Recognized faces: ['Unknown']
2024-11-09 11:04:28,453 - INFO - Recognized faces: ['Unknown']
2024-11-09 11:04:28,951 - INFO - Recognized faces: []
2024-11-09 11:04:29,473 - INFO - Recognized faces: []
2024-11-09 11:04:30,356 - INFO - Recognized faces: ['Unknown']
2024-11-09 11:04:30,864 - INFO - Recognized faces: []
2024-11-09 11:04:31,344 - INFO - Recognized faces: []
2024-11-09 11:04:31,846 - INFO - Recognized faces: []
2024-11-09 11:04:32,347 - INFO - Recognized faces: []
2024-11-09 11:04:32,834 - INFO - Recognized faces: []
2024-11-09 11:04:33,254 - INFO - Recognized faces: []
2024-11-09 11:04:33,709 - INFO - Recognized faces: []
2024-11-09 11:04:34,167 - INFO - Recognized faces: []
2024-11-09 11:04:34,585 - INFO - Recognized faces: []
2024-11-09 11:04:34,999 - INFO - Recognized faces: []
2024-11-09 11:04:35,403 - INFO - Recognized faces: []
2024-11-09 11:04:35,834 - INFO - Recognized faces: []
2024-11-09 11:04:36,298 - INFO - Recognized faces: []
2024-11-09 11:04:36,717 - INFO - Recognized faces: []
2024-11-09 11:04:37,132 - INFO - Recognized faces: []
2024-11-09 11:04:37,546 - INFO - Recognized faces: []
2024-11-09 11:04:37,980 - INFO - Recognized faces: []
2024-11-09 11:04:38,382 - INFO - Recognized faces: []
2024-11-09 11:04:38,772 - INFO - Recognized faces: []
2024-11-09 11:04:39,200 - INFO - Recognized faces: []
2024-11-09 11:04:39,630 - INFO - Recognized faces: []
2024-11-09 11:04:40,031 - INFO - Recognized faces: []
2024-11-09 11:04:40,465 - INFO - Recognized faces: []
2024-11-09 11:04:40,873 - INFO - Recognized faces: []
2024-11-09 11:04:41,298 - INFO - Recognized faces: []
2024-11-09 11:04:41,698 - INFO - Recognized faces: []
2024-11-09 11:04:42,114 - INFO - Recognized faces: []
2024-11-09 11:04:42,530 - INFO - Recognized faces: []
